[0m18:51:43.873933 [debug] [MainThread]: Sending event: {'category': 'dbt', 'action': 'invocation', 'label': 'start', 'context': [<snowplow_tracker.self_describing_json.SelfDescribingJson object at 0x109319990>, <snowplow_tracker.self_describing_json.SelfDescribingJson object at 0x1093c4290>, <snowplow_tracker.self_describing_json.SelfDescribingJson object at 0x1093c4e10>]}


============================== 18:51:43.876926 | 14a61df2-7e43-41f8-ba46-3fb7f67e5f10 ==============================
[0m18:51:43.876926 [info ] [MainThread]: Running with dbt=1.10.1
[0m18:51:43.877278 [debug] [MainThread]: running dbt with arguments {'printer_width': '80', 'indirect_selection': 'eager', 'write_json': 'True', 'log_cache_events': 'False', 'partial_parse': 'True', 'cache_selected_only': 'False', 'warn_error': 'None', 'fail_fast': 'False', 'debug': 'False', 'log_path': 'logs', 'version_check': 'True', 'profiles_dir': '/Users/shivamagharkar/.dbt', 'use_colors': 'True', 'use_experimental_parser': 'False', 'empty': 'None', 'quiet': 'False', 'no_print': 'None', 'warn_error_options': 'WarnErrorOptionsV2(error=[], warn=[], silence=[])', 'static_parser': 'True', 'introspect': 'True', 'log_format': 'default', 'target_path': 'None', 'invocation_command': 'dbt init churn_dbt_project', 'send_anonymous_usage_stats': 'True'}
[0m18:51:43.890089 [debug] [MainThread]: Starter project path: /Users/shivamagharkar/miniconda3/lib/python3.11/site-packages/dbt/include/starter_project
[0m18:51:43.895222 [info ] [MainThread]: 
Your new dbt project "churn_dbt_project" was created!

For more information on how to configure the profiles.yml file,
please consult the dbt documentation here:

  https://docs.getdbt.com/docs/configure-your-profile

One more thing:

Need help? Don't hesitate to reach out to us via GitHub issues or on Slack:

  https://community.getdbt.com/

Happy modeling!

[0m18:51:43.895510 [info ] [MainThread]: Setting up your profile.
[0m18:53:02.104691 [info ] [MainThread]: Profile churn_dbt_project written to /Users/shivamagharkar/.dbt/profiles.yml using target's profile_template.yml and your supplied values. Run 'dbt debug' to validate the connection.
[0m18:53:02.122341 [debug] [MainThread]: Resource report: {"command_name": "init", "command_success": true, "command_wall_clock_time": 78.302086, "process_in_blocks": "0", "process_kernel_time": 1.072664, "process_mem_max_rss": "188792832", "process_out_blocks": "0", "process_user_time": 2.322325}
[0m18:53:02.123095 [debug] [MainThread]: Command `dbt init` succeeded at 18:53:02.122968 after 78.30 seconds
[0m18:53:02.123589 [debug] [MainThread]: Sending event: {'category': 'dbt', 'action': 'invocation', 'label': 'end', 'context': [<snowplow_tracker.self_describing_json.SelfDescribingJson object at 0x10911a1d0>, <snowplow_tracker.self_describing_json.SelfDescribingJson object at 0x104d72010>, <snowplow_tracker.self_describing_json.SelfDescribingJson object at 0x104ce8e10>]}
[0m18:53:02.124086 [debug] [MainThread]: Flushing usage events
[0m18:53:02.646948 [debug] [MainThread]: An error was encountered while trying to flush usage events
[0m19:03:25.782601 [debug] [MainThread]: Sending event: {'category': 'dbt', 'action': 'invocation', 'label': 'start', 'context': [<snowplow_tracker.self_describing_json.SelfDescribingJson object at 0x112cb7b50>, <snowplow_tracker.self_describing_json.SelfDescribingJson object at 0x112cb7690>, <snowplow_tracker.self_describing_json.SelfDescribingJson object at 0x110553c50>]}


============================== 19:03:25.785844 | 3b4ed1ef-341b-48e2-ac4b-02baffcf36e7 ==============================
[0m19:03:25.785844 [info ] [MainThread]: Running with dbt=1.10.1
[0m19:03:25.786239 [debug] [MainThread]: running dbt with arguments {'printer_width': '80', 'indirect_selection': 'eager', 'log_cache_events': 'False', 'write_json': 'True', 'partial_parse': 'True', 'cache_selected_only': 'False', 'profiles_dir': '/Users/shivamagharkar/.dbt', 'fail_fast': 'False', 'warn_error': 'None', 'log_path': 'logs', 'version_check': 'True', 'debug': 'False', 'use_colors': 'True', 'use_experimental_parser': 'False', 'empty': 'None', 'quiet': 'False', 'no_print': 'None', 'warn_error_options': 'WarnErrorOptionsV2(error=[], warn=[], silence=[])', 'introspect': 'True', 'static_parser': 'True', 'invocation_command': 'dbt init churn_dbt_project', 'target_path': 'None', 'log_format': 'default', 'send_anonymous_usage_stats': 'True'}
[0m19:03:25.798084 [info ] [MainThread]: A project called churn_dbt_project already exists here.
[0m19:03:25.800495 [debug] [MainThread]: Resource report: {"command_name": "init", "command_success": true, "command_wall_clock_time": 0.06591287, "process_in_blocks": "0", "process_kernel_time": 0.162264, "process_mem_max_rss": "114114560", "process_out_blocks": "0", "process_user_time": 0.74517}
[0m19:03:25.800754 [debug] [MainThread]: Command `dbt init` succeeded at 19:03:25.800695 after 0.07 seconds
[0m19:03:25.800994 [debug] [MainThread]: Sending event: {'category': 'dbt', 'action': 'invocation', 'label': 'end', 'context': [<snowplow_tracker.self_describing_json.SelfDescribingJson object at 0x112a368d0>, <snowplow_tracker.self_describing_json.SelfDescribingJson object at 0x1055ce010>, <snowplow_tracker.self_describing_json.SelfDescribingJson object at 0x112cb5190>]}
[0m19:03:25.801205 [debug] [MainThread]: Flushing usage events
[0m19:03:26.251885 [debug] [MainThread]: An error was encountered while trying to flush usage events
[0m19:03:57.131872 [debug] [MainThread]: Sending event: {'category': 'dbt', 'action': 'invocation', 'label': 'start', 'context': [<snowplow_tracker.self_describing_json.SelfDescribingJson object at 0x105e1f5d0>, <snowplow_tracker.self_describing_json.SelfDescribingJson object at 0x105e1e850>, <snowplow_tracker.self_describing_json.SelfDescribingJson object at 0x105e59090>]}


============================== 19:03:57.134740 | 22d44e48-54b1-4690-ba3d-70d494634409 ==============================
[0m19:03:57.134740 [info ] [MainThread]: Running with dbt=1.10.1
[0m19:03:57.135077 [debug] [MainThread]: running dbt with arguments {'printer_width': '80', 'indirect_selection': 'eager', 'write_json': 'True', 'log_cache_events': 'False', 'partial_parse': 'True', 'cache_selected_only': 'False', 'warn_error': 'None', 'version_check': 'True', 'profiles_dir': '/Users/shivamagharkar/.dbt', 'log_path': 'logs', 'fail_fast': 'False', 'debug': 'False', 'use_colors': 'True', 'use_experimental_parser': 'False', 'no_print': 'None', 'quiet': 'False', 'empty': 'False', 'warn_error_options': 'WarnErrorOptionsV2(error=[], warn=[], silence=[])', 'introspect': 'True', 'log_format': 'default', 'invocation_command': 'dbt run', 'target_path': 'None', 'static_parser': 'True', 'send_anonymous_usage_stats': 'True'}
[0m19:03:57.135425 [error] [MainThread]: Encountered an error:
Runtime Error
  No dbt_project.yml found at expected path /Users/shivamagharkar/Downloads/Churn Dataset/churn_pipeline/transform/dbt_project.yml
  Verify that each entry within packages.yml (and their transitive dependencies) contains a file named dbt_project.yml
  
[0m19:03:57.137596 [debug] [MainThread]: Resource report: {"command_name": "run", "command_success": false, "command_wall_clock_time": 0.05011554, "process_in_blocks": "0", "process_kernel_time": 0.115194, "process_mem_max_rss": "113770496", "process_out_blocks": "0", "process_user_time": 0.744667}
[0m19:03:57.137879 [debug] [MainThread]: Command `dbt run` failed at 19:03:57.137824 after 0.05 seconds
[0m19:03:57.138107 [debug] [MainThread]: Sending event: {'category': 'dbt', 'action': 'invocation', 'label': 'end', 'context': [<snowplow_tracker.self_describing_json.SelfDescribingJson object at 0x105e9dcd0>, <snowplow_tracker.self_describing_json.SelfDescribingJson object at 0x10198e010>, <snowplow_tracker.self_describing_json.SelfDescribingJson object at 0x105e91c10>]}
[0m19:03:57.138304 [debug] [MainThread]: Flushing usage events
[0m19:03:57.591204 [debug] [MainThread]: An error was encountered while trying to flush usage events
[0m22:34:36.805887 [debug] [MainThread]: Sending event: {'category': 'dbt', 'action': 'invocation', 'label': 'start', 'context': [<snowplow_tracker.self_describing_json.SelfDescribingJson object at 0x10a736090>, <snowplow_tracker.self_describing_json.SelfDescribingJson object at 0x10a9b1950>, <snowplow_tracker.self_describing_json.SelfDescribingJson object at 0x10a9cbfd0>]}


============================== 22:34:36.809159 | 9fb42301-4718-4a90-ba96-0e41e93fd0bf ==============================
[0m22:34:36.809159 [info ] [MainThread]: Running with dbt=1.10.1
[0m22:34:36.809548 [debug] [MainThread]: running dbt with arguments {'printer_width': '80', 'indirect_selection': 'eager', 'log_cache_events': 'False', 'write_json': 'True', 'partial_parse': 'True', 'cache_selected_only': 'False', 'profiles_dir': '/Users/shivamagharkar/.dbt', 'version_check': 'True', 'warn_error': 'None', 'log_path': 'logs', 'fail_fast': 'False', 'debug': 'False', 'use_colors': 'True', 'use_experimental_parser': 'False', 'no_print': 'None', 'quiet': 'False', 'empty': 'None', 'log_format': 'default', 'invocation_command': 'dbt debug', 'static_parser': 'True', 'introspect': 'True', 'target_path': 'None', 'warn_error_options': 'WarnErrorOptionsV2(error=[], warn=[], silence=[])', 'send_anonymous_usage_stats': 'True'}
[0m22:34:36.822198 [info ] [MainThread]: dbt version: 1.10.1
[0m22:34:36.822469 [info ] [MainThread]: python version: 3.11.12
[0m22:34:36.822652 [info ] [MainThread]: python path: /Users/shivamagharkar/miniconda3/bin/python
[0m22:34:36.822809 [info ] [MainThread]: os info: macOS-15.5-arm64-arm-64bit
[0m22:34:37.844347 [info ] [MainThread]: Using profiles dir at /Users/shivamagharkar/.dbt
[0m22:34:37.844653 [info ] [MainThread]: Using profiles.yml file at /Users/shivamagharkar/.dbt/profiles.yml
[0m22:34:37.844824 [info ] [MainThread]: Using dbt_project.yml file at /Users/shivamagharkar/Downloads/Churn Dataset/churn_pipeline/transform/dbt_project.yml
[0m22:34:37.845189 [info ] [MainThread]: adapter type: snowflake
[0m22:34:37.845339 [info ] [MainThread]: adapter version: 1.9.4
[0m22:34:37.845492 [info ] [MainThread]: Configuration:
[0m22:34:37.845628 [info ] [MainThread]:   profiles.yml file [[32mOK found and valid[0m]
[0m22:34:37.845761 [info ] [MainThread]:   dbt_project.yml file [[31mERROR not found[0m]
[0m22:34:37.845890 [info ] [MainThread]: Required dependencies:
[0m22:34:37.846057 [debug] [MainThread]: Executing "git --help"
[0m22:34:37.860840 [debug] [MainThread]: STDOUT: "b"usage: git [-v | --version] [-h | --help] [-C <path>] [-c <name>=<value>]\n           [--exec-path[=<path>]] [--html-path] [--man-path] [--info-path]\n           [-p | --paginate | -P | --no-pager] [--no-replace-objects] [--bare]\n           [--git-dir=<path>] [--work-tree=<path>] [--namespace=<name>]\n           [--super-prefix=<path>] [--config-env=<name>=<envvar>]\n           <command> [<args>]\n\nThese are common Git commands used in various situations:\n\nstart a working area (see also: git help tutorial)\n   clone     Clone a repository into a new directory\n   init      Create an empty Git repository or reinitialize an existing one\n\nwork on the current change (see also: git help everyday)\n   add       Add file contents to the index\n   mv        Move or rename a file, a directory, or a symlink\n   restore   Restore working tree files\n   rm        Remove files from the working tree and from the index\n\nexamine the history and state (see also: git help revisions)\n   bisect    Use binary search to find the commit that introduced a bug\n   diff      Show changes between commits, commit and working tree, etc\n   grep      Print lines matching a pattern\n   log       Show commit logs\n   show      Show various types of objects\n   status    Show the working tree status\n\ngrow, mark and tweak your common history\n   branch    List, create, or delete branches\n   commit    Record changes to the repository\n   merge     Join two or more development histories together\n   rebase    Reapply commits on top of another base tip\n   reset     Reset current HEAD to the specified state\n   switch    Switch branches\n   tag       Create, list, delete or verify a tag object signed with GPG\n\ncollaborate (see also: git help workflows)\n   fetch     Download objects and refs from another repository\n   pull      Fetch from and integrate with another repository or a local branch\n   push      Update remote refs along with associated objects\n\n'git help -a' and 'git help -g' list available subcommands and some\nconcept guides. See 'git help <command>' or 'git help <concept>'\nto read about a specific subcommand or concept.\nSee 'git help git' for an overview of the system.\n""
[0m22:34:37.861819 [debug] [MainThread]: STDERR: "b''"
[0m22:34:37.862090 [info ] [MainThread]:  - git [[32mOK found[0m]

[0m22:34:37.862366 [info ] [MainThread]: Connection:
[0m22:34:37.862612 [info ] [MainThread]:   account: NMXMFUO-ZJ34420
[0m22:34:37.862771 [info ] [MainThread]:   user: DYNAMO2409
[0m22:34:37.862928 [info ] [MainThread]:   database: CHURN_DB
[0m22:34:37.863067 [info ] [MainThread]:   warehouse: COMPUTE_WH
[0m22:34:37.863204 [info ] [MainThread]:   role: ACCOUNTADMIN
[0m22:34:37.863336 [info ] [MainThread]:   schema: RAW
[0m22:34:37.863469 [info ] [MainThread]:   authenticator: None
[0m22:34:37.863606 [info ] [MainThread]:   oauth_client_id: None
[0m22:34:37.863738 [info ] [MainThread]:   query_tag: None
[0m22:34:37.863872 [info ] [MainThread]:   client_session_keep_alive: False
[0m22:34:37.864001 [info ] [MainThread]:   host: None
[0m22:34:37.864127 [info ] [MainThread]:   port: None
[0m22:34:37.864259 [info ] [MainThread]:   proxy_host: None
[0m22:34:37.864388 [info ] [MainThread]:   proxy_port: None
[0m22:34:37.864516 [info ] [MainThread]:   protocol: None
[0m22:34:37.864646 [info ] [MainThread]:   connect_retries: 1
[0m22:34:37.864773 [info ] [MainThread]:   connect_timeout: None
[0m22:34:37.864898 [info ] [MainThread]:   retry_on_database_errors: False
[0m22:34:37.865025 [info ] [MainThread]:   retry_all: False
[0m22:34:37.865150 [info ] [MainThread]:   insecure_mode: False
[0m22:34:37.865279 [info ] [MainThread]:   reuse_connections: True
[0m22:34:37.865608 [info ] [MainThread]: Registered adapter: snowflake=1.9.4
[0m22:34:37.938955 [debug] [MainThread]: Acquiring new snowflake connection 'debug'
[0m22:34:37.992265 [debug] [MainThread]: Using snowflake connection "debug"
[0m22:34:37.992511 [debug] [MainThread]: On debug: select 1 as id
[0m22:34:37.992670 [debug] [MainThread]: Opening a new connection, currently in state init
[0m22:34:39.393771 [debug] [MainThread]: SQL status: SUCCESS 1 in 1.401 seconds
[0m22:34:39.394715 [info ] [MainThread]:   Connection test: [[32mOK connection ok[0m]

[0m22:34:39.395015 [info ] [MainThread]: [31m1 check failed:[0m
[0m22:34:39.395260 [info ] [MainThread]: Project loading failed for the following reason:
 project path </Users/shivamagharkar/Downloads/Churn Dataset/churn_pipeline/transform/dbt_project.yml> not found

[0m22:34:39.408135 [debug] [MainThread]: Resource report: {"command_name": "debug", "command_success": false, "command_wall_clock_time": 2.6532958, "process_in_blocks": "0", "process_kernel_time": 1.065357, "process_mem_max_rss": "211255296", "process_out_blocks": "0", "process_user_time": 2.630942}
[0m22:34:39.408596 [debug] [MainThread]: Command `dbt debug` failed at 22:34:39.408523 after 2.65 seconds
[0m22:34:39.408869 [debug] [MainThread]: Connection 'debug' was left open.
[0m22:34:39.409084 [debug] [MainThread]: On debug: Close
[0m22:34:39.717857 [debug] [MainThread]: Sending event: {'category': 'dbt', 'action': 'invocation', 'label': 'end', 'context': [<snowplow_tracker.self_describing_json.SelfDescribingJson object at 0x1057f9ed0>, <snowplow_tracker.self_describing_json.SelfDescribingJson object at 0x10a9da810>, <snowplow_tracker.self_describing_json.SelfDescribingJson object at 0x13cd51b10>]}
[0m22:34:39.718935 [debug] [MainThread]: Flushing usage events
[0m22:34:40.210838 [debug] [MainThread]: An error was encountered while trying to flush usage events
